Copyright 1986-2018 Xilinx, Inc. All Rights Reserved.
----------------------------------------------------------------------------------------------------------------------------------------------------------------------
| Tool Version     : Vivado v.2018.2 (lin64) Build 2258646 Thu Jun 14 20:02:38 MDT 2018
| Date             : Thu Sep  5 20:16:24 2019
| Host             : floran-HP-ZBook-Studio-G5 running 64-bit Ubuntu 19.04
| Command          : report_power -file toplevel_wrapper_power_routed.rpt -pb toplevel_wrapper_power_summary_routed.pb -rpx toplevel_wrapper_power_routed.rpx
| Design           : toplevel_wrapper
| Device           : xc7z020clg400-1
| Design State     : routed
| Grade            : commercial
| Process          : typical
| Characterization : Production
----------------------------------------------------------------------------------------------------------------------------------------------------------------------

Power Report

Table of Contents
-----------------
1. Summary
1.1 On-Chip Components
1.2 Power Supply Summary
1.3 Confidence Level
2. Settings
2.1 Environment
2.2 Clock Constraints
3. Detailed Reports
3.1 By Hierarchy

1. Summary
----------

+--------------------------+--------------+
| Total On-Chip Power (W)  | 1.498        |
| Design Power Budget (W)  | Unspecified* |
| Power Budget Margin (W)  | NA           |
| Dynamic (W)              | 1.357        |
| Device Static (W)        | 0.141        |
| Effective TJA (C/W)      | 11.5         |
| Max Ambient (C)          | 67.7         |
| Junction Temperature (C) | 42.3         |
| Confidence Level         | Medium       |
| Setting File             | ---          |
| Simulation Activity File | ---          |
| Design Nets Matched      | NA           |
+--------------------------+--------------+
* Specify Design Power Budget using, set_operating_conditions -design_power_budget <value in Watts>


1.1 On-Chip Components
----------------------

+--------------------------+-----------+----------+-----------+-----------------+
| On-Chip                  | Power (W) | Used     | Available | Utilization (%) |
+--------------------------+-----------+----------+-----------+-----------------+
| Clocks                   |     0.041 |        3 |       --- |             --- |
| Slice Logic              |     0.020 |    62404 |       --- |             --- |
|   LUT as Logic           |     0.017 |    30160 |     53200 |           56.69 |
|   Register               |    <0.001 |    23611 |    106400 |           22.19 |
|   LUT as Distributed RAM |    <0.001 |      684 |     17400 |            3.93 |
|   CARRY4                 |    <0.001 |     1042 |     13300 |            7.83 |
|   LUT as Shift Register  |    <0.001 |      266 |     17400 |            1.53 |
|   F7/F8 Muxes            |    <0.001 |      942 |     53200 |            1.77 |
|   Others                 |     0.000 |      444 |       --- |             --- |
| Signals                  |     0.037 |    53824 |       --- |             --- |
| Block RAM                |     0.001 |       54 |       140 |           38.57 |
| DSPs                     |     0.002 |       35 |       220 |           15.91 |
| PS7                      |     1.256 |        1 |       --- |             --- |
| Static Power             |     0.141 |          |           |                 |
| Total                    |     1.498 |          |           |                 |
+--------------------------+-----------+----------+-----------+-----------------+


1.2 Power Supply Summary
------------------------

+-----------+-------------+-----------+-------------+------------+
| Source    | Voltage (V) | Total (A) | Dynamic (A) | Static (A) |
+-----------+-------------+-----------+-------------+------------+
| Vccint    |       1.000 |     0.116 |       0.101 |      0.015 |
| Vccaux    |       1.800 |     0.014 |       0.000 |      0.014 |
| Vcco33    |       3.300 |     0.000 |       0.000 |      0.000 |
| Vcco25    |       2.500 |     0.000 |       0.000 |      0.000 |
| Vcco18    |       1.800 |     0.000 |       0.000 |      0.000 |
| Vcco15    |       1.500 |     0.000 |       0.000 |      0.000 |
| Vcco135   |       1.350 |     0.000 |       0.000 |      0.000 |
| Vcco12    |       1.200 |     0.000 |       0.000 |      0.000 |
| Vccaux_io |       1.800 |     0.000 |       0.000 |      0.000 |
| Vccbram   |       1.000 |     0.004 |       0.000 |      0.004 |
| MGTAVcc   |       1.000 |     0.000 |       0.000 |      0.000 |
| MGTAVtt   |       1.200 |     0.000 |       0.000 |      0.000 |
| MGTVccaux |       1.800 |     0.000 |       0.000 |      0.000 |
| Vccpint   |       1.000 |     0.675 |       0.647 |      0.028 |
| Vccpaux   |       1.800 |     0.036 |       0.026 |      0.010 |
| Vccpll    |       1.800 |     0.017 |       0.014 |      0.003 |
| Vcco_ddr  |       1.500 |     0.354 |       0.352 |      0.002 |
| Vcco_mio0 |       3.300 |     0.003 |       0.002 |      0.001 |
| Vcco_mio1 |       1.800 |     0.003 |       0.002 |      0.001 |
| Vccadc    |       1.800 |     0.020 |       0.000 |      0.020 |
+-----------+-------------+-----------+-------------+------------+


1.3 Confidence Level
--------------------

+-----------------------------+------------+------------------------------------------------+------------------------------------------------------------------------------------------------------------+
| User Input Data             | Confidence | Details                                        | Action                                                                                                     |
+-----------------------------+------------+------------------------------------------------+------------------------------------------------------------------------------------------------------------+
| Design implementation state | High       | Design is routed                               |                                                                                                            |
| Clock nodes activity        | High       | User specified more than 95% of clocks         |                                                                                                            |
| I/O nodes activity          | High       | User specified more than 95% of inputs         |                                                                                                            |
| Internal nodes activity     | Medium     | User specified less than 25% of internal nodes | Provide missing internal nodes activity with simulation results or by editing the "By Resource Type" views |
| Device models               | High       | Device models are Production                   |                                                                                                            |
|                             |            |                                                |                                                                                                            |
| Overall confidence level    | Medium     |                                                |                                                                                                            |
+-----------------------------+------------+------------------------------------------------+------------------------------------------------------------------------------------------------------------+


2. Settings
-----------

2.1 Environment
---------------

+-----------------------+------------------------+
| Ambient Temp (C)      | 25.0                   |
| ThetaJA (C/W)         | 11.5                   |
| Airflow (LFM)         | 250                    |
| Heat Sink             | none                   |
| ThetaSA (C/W)         | 0.0                    |
| Board Selection       | medium (10"x10")       |
| # of Board Layers     | 8to11 (8 to 11 Layers) |
| Board Temperature (C) | 25.0                   |
+-----------------------+------------------------+


2.2 Clock Constraints
---------------------

+------------+-------------------------------------------------------------+-----------------+
| Clock      | Domain                                                      | Constraint (ns) |
+------------+-------------------------------------------------------------+-----------------+
| clk_fpga_0 | toplevel_i/processing_system7_0/inst/FCLK_CLK_unbuffered[0] |            15.0 |
+------------+-------------------------------------------------------------+-----------------+


3. Detailed Reports
-------------------

3.1 By Hierarchy
----------------

+---------------------------------------------------------------------------------------------------+-----------+
| Name                                                                                              | Power (W) |
+---------------------------------------------------------------------------------------------------+-----------+
| toplevel_wrapper                                                                                  |     1.357 |
|   toplevel_i                                                                                      |     1.357 |
|     axi_smc                                                                                       |     0.010 |
|       inst                                                                                        |     0.010 |
|         clk_map                                                                                   |    <0.001 |
|           psr_aclk                                                                                |    <0.001 |
|             U0                                                                                    |    <0.001 |
|               EXT_LPF                                                                             |    <0.001 |
|                 ACTIVE_LOW_AUX.ACT_LO_AUX                                                         |    <0.001 |
|               SEQ                                                                                 |    <0.001 |
|                 SEQ_COUNTER                                                                       |    <0.001 |
|         m00_exit_pipeline                                                                         |     0.001 |
|           m00_exit                                                                                |     0.001 |
|             inst                                                                                  |     0.001 |
|               ar_reg                                                                              |    <0.001 |
|               aw_reg                                                                              |    <0.001 |
|               b_reg                                                                               |    <0.001 |
|               exit_inst                                                                           |    <0.001 |
|                 gen_r_cmd_fifo.r_cmd_fifo                                                         |    <0.001 |
|                   gen_srls[12].srl_nx1                                                            |    <0.001 |
|                   gen_srls[13].srl_nx1                                                            |    <0.001 |
|                   gen_srls[14].srl_nx1                                                            |    <0.001 |
|                   gen_srls[15].srl_nx1                                                            |    <0.001 |
|                 gen_w_cmd_fifo.w_cmd_fifo                                                         |    <0.001 |
|                   gen_srls[1].srl_nx1                                                             |    <0.001 |
|               r_reg                                                                               |    <0.001 |
|               w_reg                                                                               |    <0.001 |
|         s00_entry_pipeline                                                                        |     0.007 |
|           s00_mmu                                                                                 |     0.003 |
|             inst                                                                                  |     0.003 |
|               ar_reg_stall                                                                        |    <0.001 |
|               ar_sreg                                                                             |    <0.001 |
|               aw_reg_stall                                                                        |    <0.001 |
|               aw_sreg                                                                             |    <0.001 |
|               b_sreg                                                                              |    <0.001 |
|               gen_endpoint.decerr_slave_inst                                                      |    <0.001 |
|               r_sreg                                                                              |    <0.001 |
|               w_sreg                                                                              |    <0.001 |
|           s00_si_converter                                                                        |     0.003 |
|             inst                                                                                  |     0.003 |
|               converter.wrap_narrow_inst                                                          |     0.003 |
|                 ar_reg_slice                                                                      |    <0.001 |
|                 aw_reg_slice                                                                      |    <0.001 |
|                 gen_thread_loop[0].r_cmd_fifo                                                     |    <0.001 |
|                   gen_srls[0].srl_nx1                                                             |    <0.001 |
|                   gen_srls[10].srl_nx1                                                            |    <0.001 |
|                   gen_srls[11].srl_nx1                                                            |    <0.001 |
|                   gen_srls[1].srl_nx1                                                             |    <0.001 |
|                   gen_srls[2].srl_nx1                                                             |    <0.001 |
|                   gen_srls[3].srl_nx1                                                             |    <0.001 |
|                   gen_srls[8].srl_nx1                                                             |    <0.001 |
|                   gen_srls[9].srl_nx1                                                             |    <0.001 |
|                 gen_thread_loop[0].r_payld_fifo                                                   |     0.001 |
|                   cmd_fifo                                                                        |    <0.001 |
|                     gen_srls[0].srl_nx1                                                           |    <0.001 |
|                     gen_srls[10].srl_nx1                                                          |    <0.001 |
|                     gen_srls[11].srl_nx1                                                          |    <0.001 |
|                     gen_srls[1].srl_nx1                                                           |    <0.001 |
|                     gen_srls[2].srl_nx1                                                           |    <0.001 |
|                     gen_srls[3].srl_nx1                                                           |    <0.001 |
|                     gen_srls[8].srl_nx1                                                           |    <0.001 |
|                     gen_srls[9].srl_nx1                                                           |    <0.001 |
|                   gen_srls[10].srl_nx1                                                            |    <0.001 |
|                   gen_srls[11].srl_nx1                                                            |    <0.001 |
|                   gen_srls[12].srl_nx1                                                            |    <0.001 |
|                   gen_srls[13].srl_nx1                                                            |    <0.001 |
|                   gen_srls[14].srl_nx1                                                            |    <0.001 |
|                   gen_srls[15].srl_nx1                                                            |    <0.001 |
|                   gen_srls[16].srl_nx1                                                            |    <0.001 |
|                   gen_srls[17].srl_nx1                                                            |    <0.001 |
|                   gen_srls[18].srl_nx1                                                            |    <0.001 |
|                   gen_srls[19].srl_nx1                                                            |    <0.001 |
|                   gen_srls[20].srl_nx1                                                            |    <0.001 |
|                   gen_srls[21].srl_nx1                                                            |    <0.001 |
|                   gen_srls[22].srl_nx1                                                            |    <0.001 |
|                   gen_srls[23].srl_nx1                                                            |    <0.001 |
|                   gen_srls[24].srl_nx1                                                            |    <0.001 |
|                   gen_srls[25].srl_nx1                                                            |    <0.001 |
|                   gen_srls[26].srl_nx1                                                            |    <0.001 |
|                   gen_srls[27].srl_nx1                                                            |    <0.001 |
|                   gen_srls[28].srl_nx1                                                            |    <0.001 |
|                   gen_srls[29].srl_nx1                                                            |    <0.001 |
|                   gen_srls[30].srl_nx1                                                            |    <0.001 |
|                   gen_srls[31].srl_nx1                                                            |    <0.001 |
|                   gen_srls[32].srl_nx1                                                            |    <0.001 |
|                   gen_srls[33].srl_nx1                                                            |    <0.001 |
|                   gen_srls[34].srl_nx1                                                            |    <0.001 |
|                   gen_srls[35].srl_nx1                                                            |    <0.001 |
|                   gen_srls[37].srl_nx1                                                            |    <0.001 |
|                   gen_srls[38].srl_nx1                                                            |    <0.001 |
|                   gen_srls[4].srl_nx1                                                             |    <0.001 |
|                   gen_srls[5].srl_nx1                                                             |    <0.001 |
|                   gen_srls[6].srl_nx1                                                             |    <0.001 |
|                   gen_srls[7].srl_nx1                                                             |    <0.001 |
|                   gen_srls[8].srl_nx1                                                             |    <0.001 |
|                   gen_srls[9].srl_nx1                                                             |    <0.001 |
|                 w_cmd_fifo                                                                        |    <0.001 |
|                   gen_srls[0].srl_nx1                                                             |    <0.001 |
|                   gen_srls[10].srl_nx1                                                            |    <0.001 |
|                   gen_srls[1].srl_nx1                                                             |    <0.001 |
|                   gen_srls[2].srl_nx1                                                             |    <0.001 |
|                   gen_srls[3].srl_nx1                                                             |    <0.001 |
|                   gen_srls[4].srl_nx1                                                             |    <0.001 |
|                 w_payld_fifo                                                                      |    <0.001 |
|                   cmd_fifo                                                                        |    <0.001 |
|                     gen_srls[0].srl_nx1                                                           |    <0.001 |
|                     gen_srls[10].srl_nx1                                                          |    <0.001 |
|                     gen_srls[11].srl_nx1                                                          |    <0.001 |
|                     gen_srls[1].srl_nx1                                                           |    <0.001 |
|                     gen_srls[2].srl_nx1                                                           |    <0.001 |
|                     gen_srls[3].srl_nx1                                                           |    <0.001 |
|                     gen_srls[8].srl_nx1                                                           |    <0.001 |
|                     gen_srls[9].srl_nx1                                                           |    <0.001 |
|                   gen_srls[100].srl_nx1                                                           |    <0.001 |
|                   gen_srls[101].srl_nx1                                                           |    <0.001 |
|                   gen_srls[102].srl_nx1                                                           |    <0.001 |
|                   gen_srls[103].srl_nx1                                                           |    <0.001 |
|                   gen_srls[68].srl_nx1                                                            |    <0.001 |
|                   gen_srls[69].srl_nx1                                                            |    <0.001 |
|                   gen_srls[70].srl_nx1                                                            |    <0.001 |
|                   gen_srls[71].srl_nx1                                                            |    <0.001 |
|                   gen_srls[72].srl_nx1                                                            |    <0.001 |
|                   gen_srls[73].srl_nx1                                                            |    <0.001 |
|                   gen_srls[74].srl_nx1                                                            |    <0.001 |
|                   gen_srls[75].srl_nx1                                                            |    <0.001 |
|                   gen_srls[76].srl_nx1                                                            |    <0.001 |
|                   gen_srls[77].srl_nx1                                                            |    <0.001 |
|                   gen_srls[78].srl_nx1                                                            |    <0.001 |
|                   gen_srls[79].srl_nx1                                                            |    <0.001 |
|                   gen_srls[80].srl_nx1                                                            |    <0.001 |
|                   gen_srls[81].srl_nx1                                                            |    <0.001 |
|                   gen_srls[82].srl_nx1                                                            |    <0.001 |
|                   gen_srls[83].srl_nx1                                                            |    <0.001 |
|                   gen_srls[84].srl_nx1                                                            |    <0.001 |
|                   gen_srls[85].srl_nx1                                                            |    <0.001 |
|                   gen_srls[86].srl_nx1                                                            |    <0.001 |
|                   gen_srls[87].srl_nx1                                                            |    <0.001 |
|                   gen_srls[88].srl_nx1                                                            |    <0.001 |
|                   gen_srls[89].srl_nx1                                                            |    <0.001 |
|                   gen_srls[90].srl_nx1                                                            |    <0.001 |
|                   gen_srls[91].srl_nx1                                                            |    <0.001 |
|                   gen_srls[92].srl_nx1                                                            |    <0.001 |
|                   gen_srls[93].srl_nx1                                                            |    <0.001 |
|                   gen_srls[94].srl_nx1                                                            |    <0.001 |
|                   gen_srls[95].srl_nx1                                                            |    <0.001 |
|                   gen_srls[96].srl_nx1                                                            |    <0.001 |
|                   gen_srls[97].srl_nx1                                                            |    <0.001 |
|                   gen_srls[98].srl_nx1                                                            |    <0.001 |
|                   gen_srls[99].srl_nx1                                                            |    <0.001 |
|               splitter_inst                                                                       |    <0.001 |
|                 gen_no_wsplitter.gen_endpoint_woffset.gen_wbypass_offset_fifo.wbypass_offset_fifo |    <0.001 |
|                   gen_srls[13].srl_nx1                                                            |    <0.001 |
|                   gen_srls[4].srl_nx1                                                             |    <0.001 |
|                   gen_srls[5].srl_nx1                                                             |    <0.001 |
|                   gen_srls[6].srl_nx1                                                             |    <0.001 |
|           s00_transaction_regulator                                                               |    <0.001 |
|             inst                                                                                  |    <0.001 |
|               gen_endpoint.gen_r_singleorder.r_singleorder                                        |    <0.001 |
|                 gen_id_fifo.singleorder_fifo                                                      |    <0.001 |
|                   gen_srls[0].srl_nx1                                                             |    <0.001 |
|                   gen_srls[10].srl_nx1                                                            |    <0.001 |
|                   gen_srls[11].srl_nx1                                                            |    <0.001 |
|                   gen_srls[1].srl_nx1                                                             |    <0.001 |
|                   gen_srls[2].srl_nx1                                                             |    <0.001 |
|                   gen_srls[3].srl_nx1                                                             |    <0.001 |
|                   gen_srls[4].srl_nx1                                                             |    <0.001 |
|                   gen_srls[5].srl_nx1                                                             |    <0.001 |
|                   gen_srls[6].srl_nx1                                                             |    <0.001 |
|                   gen_srls[7].srl_nx1                                                             |    <0.001 |
|                   gen_srls[8].srl_nx1                                                             |    <0.001 |
|                   gen_srls[9].srl_nx1                                                             |    <0.001 |
|               gen_endpoint.gen_w_singleorder.w_singleorder                                        |    <0.001 |
|                 gen_id_fifo.singleorder_fifo                                                      |    <0.001 |
|                   gen_srls[0].srl_nx1                                                             |    <0.001 |
|                   gen_srls[10].srl_nx1                                                            |    <0.001 |
|                   gen_srls[11].srl_nx1                                                            |    <0.001 |
|                   gen_srls[1].srl_nx1                                                             |    <0.001 |
|                   gen_srls[2].srl_nx1                                                             |    <0.001 |
|                   gen_srls[3].srl_nx1                                                             |    <0.001 |
|                   gen_srls[4].srl_nx1                                                             |    <0.001 |
|                   gen_srls[5].srl_nx1                                                             |    <0.001 |
|                   gen_srls[6].srl_nx1                                                             |    <0.001 |
|                   gen_srls[7].srl_nx1                                                             |    <0.001 |
|                   gen_srls[8].srl_nx1                                                             |    <0.001 |
|                   gen_srls[9].srl_nx1                                                             |    <0.001 |
|         s00_nodes                                                                                 |     0.003 |
|           s00_ar_node                                                                             |    <0.001 |
|             inst                                                                                  |    <0.001 |
|               inst_mi_handler                                                                     |    <0.001 |
|                 gen_normal_area.inst_fifo_node_payld                                              |    <0.001 |
|                   gen_xpm_memory_fifo.inst_fifo                                                   |    <0.001 |
|                     gen_mem_rep[0].inst_rd_addrb                                                  |    <0.001 |
|                     gen_mem_rep[0].inst_wr_addra                                                  |    <0.001 |
|                     gen_mem_rep[0].inst_xpm_memory                                                |    <0.001 |
|                       xpm_memory_base_inst                                                        |    <0.001 |
|                         gen_wr_a.gen_word_narrow.mem_reg_0_31_0_5                                 |    <0.001 |
|                         gen_wr_a.gen_word_narrow.mem_reg_0_31_102_107                             |    <0.001 |
|                         gen_wr_a.gen_word_narrow.mem_reg_0_31_108_113                             |    <0.001 |
|                         gen_wr_a.gen_word_narrow.mem_reg_0_31_6_11                                |    <0.001 |
|                         gen_wr_a.gen_word_narrow.mem_reg_0_31_84_89                               |    <0.001 |
|                         gen_wr_a.gen_word_narrow.mem_reg_0_31_90_95                               |    <0.001 |
|                         gen_wr_a.gen_word_narrow.mem_reg_0_31_96_101                              |    <0.001 |
|                     gen_wr.inst_wr_addra_p1                                                       |    <0.001 |
|               inst_si_handler                                                                     |    <0.001 |
|                 inst_arb_stall_late                                                               |    <0.001 |
|           s00_aw_node                                                                             |    <0.001 |
|             inst                                                                                  |    <0.001 |
|               inst_mi_handler                                                                     |    <0.001 |
|                 gen_normal_area.inst_fifo_node_payld                                              |    <0.001 |
|                   gen_xpm_memory_fifo.inst_fifo                                                   |    <0.001 |
|                     gen_mem_rep[0].inst_rd_addrb                                                  |    <0.001 |
|                     gen_mem_rep[0].inst_wr_addra                                                  |    <0.001 |
|                     gen_mem_rep[0].inst_xpm_memory                                                |    <0.001 |
|                       xpm_memory_base_inst                                                        |    <0.001 |
|                         gen_wr_a.gen_word_narrow.mem_reg_0_31_0_5                                 |    <0.001 |
|                         gen_wr_a.gen_word_narrow.mem_reg_0_31_102_107                             |    <0.001 |
|                         gen_wr_a.gen_word_narrow.mem_reg_0_31_108_113                             |    <0.001 |
|                         gen_wr_a.gen_word_narrow.mem_reg_0_31_6_11                                |    <0.001 |
|                         gen_wr_a.gen_word_narrow.mem_reg_0_31_90_95                               |    <0.001 |
|                         gen_wr_a.gen_word_narrow.mem_reg_0_31_96_101                              |    <0.001 |
|                     gen_wr.inst_wr_addra_p1                                                       |    <0.001 |
|               inst_si_handler                                                                     |    <0.001 |
|                 inst_arb_stall_late                                                               |    <0.001 |
|           s00_b_node                                                                              |    <0.001 |
|             inst                                                                                  |    <0.001 |
|               inst_mi_handler                                                                     |    <0.001 |
|                 gen_normal_area.inst_fifo_node_payld                                              |    <0.001 |
|                   gen_xpm_memory_fifo.inst_fifo                                                   |    <0.001 |
|                     gen_mem_rep[0].inst_rd_addrb                                                  |    <0.001 |
|                     gen_mem_rep[0].inst_wr_addra                                                  |    <0.001 |
|                     gen_mem_rep[0].inst_xpm_memory                                                |    <0.001 |
|                       xpm_memory_base_inst                                                        |    <0.001 |
|                         gen_wr_a.gen_word_narrow.mem_reg_0_31_0_5                                 |    <0.001 |
|                     gen_wr.inst_wr_addra_p1                                                       |    <0.001 |
|               inst_si_handler                                                                     |    <0.001 |
|                 inst_arb_stall_late                                                               |    <0.001 |
|           s00_r_node                                                                              |    <0.001 |
|             inst                                                                                  |    <0.001 |
|               inst_mi_handler                                                                     |    <0.001 |
|                 gen_normal_area.inst_fifo_node_payld                                              |    <0.001 |
|                   gen_xpm_memory_fifo.inst_fifo                                                   |    <0.001 |
|                     gen_mem_rep[0].inst_rd_addrb                                                  |    <0.001 |
|                     gen_mem_rep[0].inst_wr_addra                                                  |    <0.001 |
|                     gen_mem_rep[0].inst_xpm_memory                                                |    <0.001 |
|                       xpm_memory_base_inst                                                        |    <0.001 |
|                         gen_wr_a.gen_word_narrow.mem_reg_0_31_12_17                               |    <0.001 |
|                         gen_wr_a.gen_word_narrow.mem_reg_0_31_18_23                               |    <0.001 |
|                         gen_wr_a.gen_word_narrow.mem_reg_0_31_24_29                               |    <0.001 |
|                         gen_wr_a.gen_word_narrow.mem_reg_0_31_30_35                               |    <0.001 |
|                         gen_wr_a.gen_word_narrow.mem_reg_0_31_36_41                               |    <0.001 |
|                         gen_wr_a.gen_word_narrow.mem_reg_0_31_42_47                               |    <0.001 |
|                         gen_wr_a.gen_word_narrow.mem_reg_0_31_48_53                               |    <0.001 |
|                     gen_wr.inst_wr_addra_p1                                                       |    <0.001 |
|               inst_si_handler                                                                     |    <0.001 |
|                 inst_arb_stall_late                                                               |    <0.001 |
|           s00_w_node                                                                              |    <0.001 |
|             inst                                                                                  |    <0.001 |
|               inst_mi_handler                                                                     |    <0.001 |
|                 gen_normal_area.inst_fifo_node_payld                                              |    <0.001 |
|                   gen_xpm_memory_fifo.inst_fifo                                                   |    <0.001 |
|                     gen_mem_rep[0].inst_rd_addrb                                                  |    <0.001 |
|                     gen_mem_rep[0].inst_wr_addra                                                  |    <0.001 |
|                     gen_mem_rep[0].inst_xpm_memory                                                |    <0.001 |
|                       xpm_memory_base_inst                                                        |    <0.001 |
|                         gen_wr_a.gen_word_narrow.mem_reg_0_31_12_17                               |    <0.001 |
|                         gen_wr_a.gen_word_narrow.mem_reg_0_31_18_23                               |    <0.001 |
|                         gen_wr_a.gen_word_narrow.mem_reg_0_31_24_29                               |    <0.001 |
|                         gen_wr_a.gen_word_narrow.mem_reg_0_31_30_35                               |    <0.001 |
|                         gen_wr_a.gen_word_narrow.mem_reg_0_31_36_41                               |    <0.001 |
|                         gen_wr_a.gen_word_narrow.mem_reg_0_31_42_47                               |    <0.001 |
|                         gen_wr_a.gen_word_narrow.mem_reg_0_31_48_53                               |    <0.001 |
|                     gen_wr.inst_wr_addra_p1                                                       |    <0.001 |
|               inst_si_handler                                                                     |    <0.001 |
|                 inst_arb_stall_late                                                               |    <0.001 |
|     axi_smc_1                                                                                     |     0.014 |
|       inst                                                                                        |     0.014 |
|         clk_map                                                                                   |    <0.001 |
|           psr_aclk                                                                                |    <0.001 |
|             U0                                                                                    |    <0.001 |
|               EXT_LPF                                                                             |    <0.001 |
|                 ACTIVE_LOW_AUX.ACT_LO_AUX                                                         |    <0.001 |
|               SEQ                                                                                 |    <0.001 |
|                 SEQ_COUNTER                                                                       |    <0.001 |
|         m00_exit_pipeline                                                                         |     0.003 |
|           m00_exit                                                                                |     0.003 |
|             inst                                                                                  |     0.003 |
|               ar_reg                                                                              |    <0.001 |
|               aw_reg                                                                              |    <0.001 |
|               b_reg                                                                               |    <0.001 |
|               exit_inst                                                                           |    <0.001 |
|                 gen_r_cmd_fifo.r_cmd_fifo                                                         |    <0.001 |
|                 gen_w_cmd_fifo.w_cmd_fifo                                                         |    <0.001 |
|               r_reg                                                                               |    <0.001 |
|               splitter_inst                                                                       |     0.001 |
|                 gen_axi3.axi3_conv_inst                                                           |     0.001 |
|                   USE_READ.USE_SPLIT_R.read_addr_inst                                             |    <0.001 |
|                     USE_R_CHANNEL.cmd_queue                                                       |    <0.001 |
|                       gen_srls[0].srl_nx1                                                         |    <0.001 |
|                   USE_WRITE.USE_SPLIT_W.write_resp_inst                                           |    <0.001 |
|                   USE_WRITE.write_addr_inst                                                       |    <0.001 |
|                     USE_BURSTS.cmd_queue                                                          |    <0.001 |
|                       gen_srls[0].srl_nx1                                                         |    <0.001 |
|                       gen_srls[1].srl_nx1                                                         |    <0.001 |
|                       gen_srls[2].srl_nx1                                                         |    <0.001 |
|                       gen_srls[3].srl_nx1                                                         |    <0.001 |
|                     USE_B_CHANNEL.cmd_b_queue                                                     |    <0.001 |
|                       gen_srls[0].srl_nx1                                                         |    <0.001 |
|                       gen_srls[1].srl_nx1                                                         |    <0.001 |
|                       gen_srls[2].srl_nx1                                                         |    <0.001 |
|                       gen_srls[3].srl_nx1                                                         |    <0.001 |
|                       gen_srls[4].srl_nx1                                                         |    <0.001 |
|                   USE_WRITE.write_data_inst                                                       |    <0.001 |
|               w_reg                                                                               |    <0.001 |
|         s00_entry_pipeline                                                                        |     0.008 |
|           s00_mmu                                                                                 |     0.003 |
|             inst                                                                                  |     0.003 |
|               ar_reg_stall                                                                        |    <0.001 |
|               ar_sreg                                                                             |    <0.001 |
|               aw_reg_stall                                                                        |    <0.001 |
|               aw_sreg                                                                             |    <0.001 |
|               b_sreg                                                                              |    <0.001 |
|               gen_endpoint.decerr_slave_inst                                                      |    <0.001 |
|               r_sreg                                                                              |    <0.001 |
|               w_sreg                                                                              |    <0.001 |
|           s00_si_converter                                                                        |     0.004 |
|             inst                                                                                  |     0.004 |
|               converter.wrap_narrow_inst                                                          |     0.004 |
|                 ar_reg_slice                                                                      |    <0.001 |
|                 aw_reg_slice                                                                      |    <0.001 |
|                 gen_thread_loop[0].r_cmd_fifo                                                     |    <0.001 |
|                   gen_srls[0].srl_nx1                                                             |    <0.001 |
|                   gen_srls[10].srl_nx1                                                            |    <0.001 |
|                   gen_srls[11].srl_nx1                                                            |    <0.001 |
|                   gen_srls[12].srl_nx1                                                            |    <0.001 |
|                   gen_srls[13].srl_nx1                                                            |    <0.001 |
|                   gen_srls[14].srl_nx1                                                            |    <0.001 |
|                   gen_srls[15].srl_nx1                                                            |    <0.001 |
|                   gen_srls[17].srl_nx1                                                            |    <0.001 |
|                   gen_srls[19].srl_nx1                                                            |    <0.001 |
|                   gen_srls[1].srl_nx1                                                             |    <0.001 |
|                   gen_srls[20].srl_nx1                                                            |    <0.001 |
|                   gen_srls[2].srl_nx1                                                             |    <0.001 |
|                   gen_srls[3].srl_nx1                                                             |    <0.001 |
|                   gen_srls[4].srl_nx1                                                             |    <0.001 |
|                   gen_srls[5].srl_nx1                                                             |    <0.001 |
|                   gen_srls[6].srl_nx1                                                             |    <0.001 |
|                   gen_srls[7].srl_nx1                                                             |    <0.001 |
|                   gen_srls[8].srl_nx1                                                             |    <0.001 |
|                   gen_srls[9].srl_nx1                                                             |    <0.001 |
|                 gen_thread_loop[0].r_payld_fifo                                                   |     0.001 |
|                   cmd_fifo                                                                        |    <0.001 |
|                     gen_srls[0].srl_nx1                                                           |    <0.001 |
|                     gen_srls[11].srl_nx1                                                          |    <0.001 |
|                     gen_srls[1].srl_nx1                                                           |    <0.001 |
|                     gen_srls[2].srl_nx1                                                           |    <0.001 |
|                     gen_srls[3].srl_nx1                                                           |    <0.001 |
|                     gen_srls[4].srl_nx1                                                           |    <0.001 |
|                     gen_srls[5].srl_nx1                                                           |    <0.001 |
|                     gen_srls[6].srl_nx1                                                           |    <0.001 |
|                     gen_srls[7].srl_nx1                                                           |    <0.001 |
|                   gen_srls[10].srl_nx1                                                            |    <0.001 |
|                   gen_srls[11].srl_nx1                                                            |    <0.001 |
|                   gen_srls[12].srl_nx1                                                            |    <0.001 |
|                   gen_srls[13].srl_nx1                                                            |    <0.001 |
|                   gen_srls[14].srl_nx1                                                            |    <0.001 |
|                   gen_srls[15].srl_nx1                                                            |    <0.001 |
|                   gen_srls[16].srl_nx1                                                            |    <0.001 |
|                   gen_srls[17].srl_nx1                                                            |    <0.001 |
|                   gen_srls[18].srl_nx1                                                            |    <0.001 |
|                   gen_srls[19].srl_nx1                                                            |    <0.001 |
|                   gen_srls[20].srl_nx1                                                            |    <0.001 |
|                   gen_srls[21].srl_nx1                                                            |    <0.001 |
|                   gen_srls[22].srl_nx1                                                            |    <0.001 |
|                   gen_srls[23].srl_nx1                                                            |    <0.001 |
|                   gen_srls[24].srl_nx1                                                            |    <0.001 |
|                   gen_srls[25].srl_nx1                                                            |    <0.001 |
|                   gen_srls[26].srl_nx1                                                            |    <0.001 |
|                   gen_srls[27].srl_nx1                                                            |    <0.001 |
|                   gen_srls[28].srl_nx1                                                            |    <0.001 |
|                   gen_srls[29].srl_nx1                                                            |    <0.001 |
|                   gen_srls[30].srl_nx1                                                            |    <0.001 |
|                   gen_srls[31].srl_nx1                                                            |    <0.001 |
|                   gen_srls[32].srl_nx1                                                            |    <0.001 |
|                   gen_srls[33].srl_nx1                                                            |    <0.001 |
|                   gen_srls[34].srl_nx1                                                            |    <0.001 |
|                   gen_srls[35].srl_nx1                                                            |    <0.001 |
|                   gen_srls[38].srl_nx1                                                            |    <0.001 |
|                   gen_srls[4].srl_nx1                                                             |    <0.001 |
|                   gen_srls[5].srl_nx1                                                             |    <0.001 |
|                   gen_srls[6].srl_nx1                                                             |    <0.001 |
|                   gen_srls[7].srl_nx1                                                             |    <0.001 |
|                   gen_srls[8].srl_nx1                                                             |    <0.001 |
|                   gen_srls[9].srl_nx1                                                             |    <0.001 |
|                 w_cmd_fifo                                                                        |    <0.001 |
|                   gen_srls[10].srl_nx1                                                            |    <0.001 |
|                   gen_srls[14].srl_nx1                                                            |    <0.001 |
|                   gen_srls[15].srl_nx1                                                            |    <0.001 |
|                   gen_srls[1].srl_nx1                                                             |    <0.001 |
|                   gen_srls[2].srl_nx1                                                             |    <0.001 |
|                   gen_srls[3].srl_nx1                                                             |    <0.001 |
|                   gen_srls[4].srl_nx1                                                             |    <0.001 |
|                   gen_srls[5].srl_nx1                                                             |    <0.001 |
|                   gen_srls[6].srl_nx1                                                             |    <0.001 |
|                   gen_srls[7].srl_nx1                                                             |    <0.001 |
|                   gen_srls[8].srl_nx1                                                             |    <0.001 |
|                 w_payld_fifo                                                                      |    <0.001 |
|                   cmd_fifo                                                                        |    <0.001 |
|                     gen_srls[0].srl_nx1                                                           |    <0.001 |
|                     gen_srls[10].srl_nx1                                                          |    <0.001 |
|                     gen_srls[11].srl_nx1                                                          |    <0.001 |
|                     gen_srls[1].srl_nx1                                                           |    <0.001 |
|                     gen_srls[2].srl_nx1                                                           |    <0.001 |
|                     gen_srls[3].srl_nx1                                                           |    <0.001 |
|                     gen_srls[4].srl_nx1                                                           |    <0.001 |
|                     gen_srls[5].srl_nx1                                                           |    <0.001 |
|                     gen_srls[6].srl_nx1                                                           |    <0.001 |
|                     gen_srls[7].srl_nx1                                                           |    <0.001 |
|                   gen_srls[100].srl_nx1                                                           |    <0.001 |
|                   gen_srls[101].srl_nx1                                                           |    <0.001 |
|                   gen_srls[102].srl_nx1                                                           |    <0.001 |
|                   gen_srls[103].srl_nx1                                                           |    <0.001 |
|                   gen_srls[68].srl_nx1                                                            |    <0.001 |
|                   gen_srls[69].srl_nx1                                                            |    <0.001 |
|                   gen_srls[70].srl_nx1                                                            |    <0.001 |
|                   gen_srls[71].srl_nx1                                                            |    <0.001 |
|                   gen_srls[72].srl_nx1                                                            |    <0.001 |
|                   gen_srls[73].srl_nx1                                                            |    <0.001 |
|                   gen_srls[74].srl_nx1                                                            |    <0.001 |
|                   gen_srls[75].srl_nx1                                                            |    <0.001 |
|                   gen_srls[76].srl_nx1                                                            |    <0.001 |
|                   gen_srls[77].srl_nx1                                                            |    <0.001 |
|                   gen_srls[78].srl_nx1                                                            |    <0.001 |
|                   gen_srls[79].srl_nx1                                                            |    <0.001 |
|                   gen_srls[80].srl_nx1                                                            |    <0.001 |
|                   gen_srls[81].srl_nx1                                                            |    <0.001 |
|                   gen_srls[82].srl_nx1                                                            |    <0.001 |
|                   gen_srls[83].srl_nx1                                                            |    <0.001 |
|                   gen_srls[84].srl_nx1                                                            |    <0.001 |
|                   gen_srls[85].srl_nx1                                                            |    <0.001 |
|                   gen_srls[86].srl_nx1                                                            |    <0.001 |
|                   gen_srls[87].srl_nx1                                                            |    <0.001 |
|                   gen_srls[88].srl_nx1                                                            |    <0.001 |
|                   gen_srls[89].srl_nx1                                                            |    <0.001 |
|                   gen_srls[90].srl_nx1                                                            |    <0.001 |
|                   gen_srls[91].srl_nx1                                                            |    <0.001 |
|                   gen_srls[92].srl_nx1                                                            |    <0.001 |
|                   gen_srls[93].srl_nx1                                                            |    <0.001 |
|                   gen_srls[94].srl_nx1                                                            |    <0.001 |
|                   gen_srls[95].srl_nx1                                                            |    <0.001 |
|                   gen_srls[96].srl_nx1                                                            |    <0.001 |
|                   gen_srls[97].srl_nx1                                                            |    <0.001 |
|                   gen_srls[98].srl_nx1                                                            |    <0.001 |
|                   gen_srls[99].srl_nx1                                                            |    <0.001 |
|               splitter_inst                                                                       |    <0.001 |
|                 gen_no_wsplitter.gen_endpoint_woffset.gen_wbypass_offset_fifo.wbypass_offset_fifo |    <0.001 |
|                   gen_srls[13].srl_nx1                                                            |    <0.001 |
|                   gen_srls[4].srl_nx1                                                             |    <0.001 |
|                   gen_srls[5].srl_nx1                                                             |    <0.001 |
|                   gen_srls[6].srl_nx1                                                             |    <0.001 |
|           s00_transaction_regulator                                                               |     0.001 |
|             inst                                                                                  |     0.001 |
|               gen_endpoint.gen_r_singleorder.r_singleorder                                        |    <0.001 |
|                 gen_cmd_reg.cmd_reg                                                               |    <0.001 |
|               gen_endpoint.gen_w_singleorder.w_singleorder                                        |    <0.001 |
|                 gen_cmd_reg.cmd_reg                                                               |    <0.001 |
|         s00_nodes                                                                                 |     0.003 |
|           s00_ar_node                                                                             |    <0.001 |
|             inst                                                                                  |    <0.001 |
|               inst_mi_handler                                                                     |    <0.001 |
|                 gen_normal_area.inst_fifo_node_payld                                              |    <0.001 |
|                   gen_xpm_memory_fifo.inst_fifo                                                   |    <0.001 |
|                     gen_mem_rep[0].inst_rd_addrb                                                  |    <0.001 |
|                     gen_mem_rep[0].inst_wr_addra                                                  |    <0.001 |
|                     gen_mem_rep[0].inst_xpm_memory                                                |    <0.001 |
|                       xpm_memory_base_inst                                                        |    <0.001 |
|                         gen_wr_a.gen_word_narrow.mem_reg_0_31_0_5                                 |    <0.001 |
|                         gen_wr_a.gen_word_narrow.mem_reg_0_31_102_107                             |    <0.001 |
|                         gen_wr_a.gen_word_narrow.mem_reg_0_31_108_113                             |    <0.001 |
|                         gen_wr_a.gen_word_narrow.mem_reg_0_31_114_119                             |    <0.001 |
|                         gen_wr_a.gen_word_narrow.mem_reg_0_31_120_125                             |    <0.001 |
|                         gen_wr_a.gen_word_narrow.mem_reg_0_31_126_131                             |    <0.001 |
|                         gen_wr_a.gen_word_narrow.mem_reg_0_31_132_137                             |    <0.001 |
|                         gen_wr_a.gen_word_narrow.mem_reg_0_31_6_11                                |    <0.001 |
|                         gen_wr_a.gen_word_narrow.mem_reg_0_31_90_95                               |    <0.001 |
|                         gen_wr_a.gen_word_narrow.mem_reg_0_31_96_101                              |    <0.001 |
|                     gen_wr.inst_wr_addra_p1                                                       |    <0.001 |
|               inst_si_handler                                                                     |    <0.001 |
|                 inst_arb_stall_late                                                               |    <0.001 |
|           s00_aw_node                                                                             |    <0.001 |
|             inst                                                                                  |    <0.001 |
|               inst_mi_handler                                                                     |    <0.001 |
|                 gen_normal_area.inst_fifo_node_payld                                              |    <0.001 |
|                   gen_xpm_memory_fifo.inst_fifo                                                   |    <0.001 |
|                     gen_mem_rep[0].inst_rd_addrb                                                  |    <0.001 |
|                     gen_mem_rep[0].inst_wr_addra                                                  |    <0.001 |
|                     gen_mem_rep[0].inst_xpm_memory                                                |    <0.001 |
|                       xpm_memory_base_inst                                                        |    <0.001 |
|                         gen_wr_a.gen_word_narrow.mem_reg_0_31_0_5                                 |    <0.001 |
|                         gen_wr_a.gen_word_narrow.mem_reg_0_31_102_107                             |    <0.001 |
|                         gen_wr_a.gen_word_narrow.mem_reg_0_31_108_113                             |    <0.001 |
|                         gen_wr_a.gen_word_narrow.mem_reg_0_31_114_119                             |    <0.001 |
|                         gen_wr_a.gen_word_narrow.mem_reg_0_31_120_125                             |    <0.001 |
|                         gen_wr_a.gen_word_narrow.mem_reg_0_31_126_131                             |    <0.001 |
|                         gen_wr_a.gen_word_narrow.mem_reg_0_31_132_137                             |    <0.001 |
|                         gen_wr_a.gen_word_narrow.mem_reg_0_31_6_11                                |    <0.001 |
|                         gen_wr_a.gen_word_narrow.mem_reg_0_31_90_95                               |    <0.001 |
|                         gen_wr_a.gen_word_narrow.mem_reg_0_31_96_101                              |    <0.001 |
|                     gen_wr.inst_wr_addra_p1                                                       |    <0.001 |
|               inst_si_handler                                                                     |    <0.001 |
|                 inst_arb_stall_late                                                               |    <0.001 |
|           s00_b_node                                                                              |    <0.001 |
|             inst                                                                                  |    <0.001 |
|               inst_mi_handler                                                                     |    <0.001 |
|                 gen_normal_area.inst_fifo_node_payld                                              |    <0.001 |
|                   gen_xpm_memory_fifo.inst_fifo                                                   |    <0.001 |
|                     gen_mem_rep[0].inst_rd_addrb                                                  |    <0.001 |
|                     gen_mem_rep[0].inst_wr_addra                                                  |    <0.001 |
|                     gen_wr.inst_wr_addra_p1                                                       |    <0.001 |
|               inst_si_handler                                                                     |    <0.001 |
|                 inst_arb_stall_late                                                               |    <0.001 |
|           s00_r_node                                                                              |    <0.001 |
|             inst                                                                                  |    <0.001 |
|               inst_mi_handler                                                                     |    <0.001 |
|                 gen_normal_area.inst_fifo_node_payld                                              |    <0.001 |
|                   gen_xpm_memory_fifo.inst_fifo                                                   |    <0.001 |
|                     gen_mem_rep[0].inst_rd_addrb                                                  |    <0.001 |
|                     gen_mem_rep[0].inst_wr_addra                                                  |    <0.001 |
|                     gen_mem_rep[0].inst_xpm_memory                                                |    <0.001 |
|                       xpm_memory_base_inst                                                        |    <0.001 |
|                         gen_wr_a.gen_word_narrow.mem_reg_0_31_18_23                               |    <0.001 |
|                         gen_wr_a.gen_word_narrow.mem_reg_0_31_24_29                               |    <0.001 |
|                         gen_wr_a.gen_word_narrow.mem_reg_0_31_30_35                               |    <0.001 |
|                         gen_wr_a.gen_word_narrow.mem_reg_0_31_36_41                               |    <0.001 |
|                         gen_wr_a.gen_word_narrow.mem_reg_0_31_42_47                               |    <0.001 |
|                         gen_wr_a.gen_word_narrow.mem_reg_0_31_48_53                               |    <0.001 |
|                     gen_wr.inst_wr_addra_p1                                                       |    <0.001 |
|               inst_si_handler                                                                     |    <0.001 |
|                 inst_arb_stall_late                                                               |    <0.001 |
|           s00_w_node                                                                              |    <0.001 |
|             inst                                                                                  |    <0.001 |
|               inst_mi_handler                                                                     |    <0.001 |
|                 gen_normal_area.inst_fifo_node_payld                                              |    <0.001 |
|                   gen_xpm_memory_fifo.inst_fifo                                                   |    <0.001 |
|                     gen_mem_rep[0].inst_rd_addrb                                                  |    <0.001 |
|                     gen_mem_rep[0].inst_wr_addra                                                  |    <0.001 |
|                     gen_mem_rep[0].inst_xpm_memory                                                |    <0.001 |
|                       xpm_memory_base_inst                                                        |    <0.001 |
|                         gen_wr_a.gen_word_narrow.mem_reg_0_31_12_17                               |    <0.001 |
|                         gen_wr_a.gen_word_narrow.mem_reg_0_31_18_23                               |    <0.001 |
|                         gen_wr_a.gen_word_narrow.mem_reg_0_31_24_29                               |    <0.001 |
|                         gen_wr_a.gen_word_narrow.mem_reg_0_31_30_35                               |    <0.001 |
|                         gen_wr_a.gen_word_narrow.mem_reg_0_31_36_41                               |    <0.001 |
|                         gen_wr_a.gen_word_narrow.mem_reg_0_31_42_47                               |    <0.001 |
|                         gen_wr_a.gen_word_narrow.mem_reg_0_31_48_53                               |    <0.001 |
|                     gen_wr.inst_wr_addra_p1                                                       |    <0.001 |
|               inst_si_handler                                                                     |    <0.001 |
|                 inst_arb_stall_late                                                               |    <0.001 |
|     processing_system7_0                                                                          |     1.257 |
|       inst                                                                                        |     1.257 |
|     rst_ps7_0_100M                                                                                |    <0.001 |
|       U0                                                                                          |    <0.001 |
|         EXT_LPF                                                                                   |    <0.001 |
|           ACTIVE_LOW_AUX.ACT_LO_AUX                                                               |    <0.001 |
|           ACTIVE_LOW_EXT.ACT_LO_EXT                                                               |    <0.001 |
|         SEQ                                                                                       |    <0.001 |
|           SEQ_COUNTER                                                                             |    <0.001 |
|     tta_core_toplevel_0                                                                           |     0.076 |
|       U0                                                                                          |     0.076 |
|         core                                                                                      |     0.058 |
|           fu_ALU                                                                                  |     0.001 |
|             fu_arch                                                                               |    <0.001 |
|           fu_DMA                                                                                  |     0.005 |
|             burst_fifo                                                                            |     0.002 |
|               RAM_ARR_reg_0_63_0_2                                                                |    <0.001 |
|               RAM_ARR_reg_0_63_12_14                                                              |    <0.001 |
|               RAM_ARR_reg_0_63_15_17                                                              |    <0.001 |
|               RAM_ARR_reg_0_63_18_20                                                              |    <0.001 |
|               RAM_ARR_reg_0_63_21_23                                                              |    <0.001 |
|               RAM_ARR_reg_0_63_24_26                                                              |    <0.001 |
|               RAM_ARR_reg_0_63_27_29                                                              |    <0.001 |
|               RAM_ARR_reg_0_63_30_30                                                              |    <0.001 |
|               RAM_ARR_reg_0_63_31_31                                                              |    <0.001 |
|               RAM_ARR_reg_0_63_3_5                                                                |    <0.001 |
|               RAM_ARR_reg_0_63_6_8                                                                |    <0.001 |
|               RAM_ARR_reg_0_63_9_11                                                               |    <0.001 |
|               RAM_ARR_reg_128_191_0_2                                                             |    <0.001 |
|               RAM_ARR_reg_128_191_12_14                                                           |    <0.001 |
|               RAM_ARR_reg_128_191_15_17                                                           |    <0.001 |
|               RAM_ARR_reg_128_191_18_20                                                           |    <0.001 |
|               RAM_ARR_reg_128_191_21_23                                                           |    <0.001 |
|               RAM_ARR_reg_128_191_24_26                                                           |    <0.001 |
|               RAM_ARR_reg_128_191_27_29                                                           |    <0.001 |
|               RAM_ARR_reg_128_191_30_30                                                           |    <0.001 |
|               RAM_ARR_reg_128_191_31_31                                                           |    <0.001 |
|               RAM_ARR_reg_128_191_3_5                                                             |    <0.001 |
|               RAM_ARR_reg_128_191_6_8                                                             |    <0.001 |
|               RAM_ARR_reg_128_191_9_11                                                            |    <0.001 |
|               RAM_ARR_reg_192_255_0_2                                                             |    <0.001 |
|               RAM_ARR_reg_192_255_12_14                                                           |    <0.001 |
|               RAM_ARR_reg_192_255_15_17                                                           |    <0.001 |
|               RAM_ARR_reg_192_255_18_20                                                           |    <0.001 |
|               RAM_ARR_reg_192_255_21_23                                                           |    <0.001 |
|               RAM_ARR_reg_192_255_24_26                                                           |    <0.001 |
|               RAM_ARR_reg_192_255_27_29                                                           |    <0.001 |
|               RAM_ARR_reg_192_255_30_30                                                           |    <0.001 |
|               RAM_ARR_reg_192_255_31_31                                                           |    <0.001 |
|               RAM_ARR_reg_192_255_3_5                                                             |    <0.001 |
|               RAM_ARR_reg_192_255_6_8                                                             |    <0.001 |
|               RAM_ARR_reg_192_255_9_11                                                            |    <0.001 |
|               RAM_ARR_reg_256_319_0_2                                                             |    <0.001 |
|               RAM_ARR_reg_256_319_12_14                                                           |    <0.001 |
|               RAM_ARR_reg_256_319_15_17                                                           |    <0.001 |
|               RAM_ARR_reg_256_319_18_20                                                           |    <0.001 |
|               RAM_ARR_reg_256_319_21_23                                                           |    <0.001 |
|               RAM_ARR_reg_256_319_24_26                                                           |    <0.001 |
|               RAM_ARR_reg_256_319_27_29                                                           |    <0.001 |
|               RAM_ARR_reg_256_319_30_30                                                           |    <0.001 |
|               RAM_ARR_reg_256_319_31_31                                                           |    <0.001 |
|               RAM_ARR_reg_256_319_3_5                                                             |    <0.001 |
|               RAM_ARR_reg_256_319_6_8                                                             |    <0.001 |
|               RAM_ARR_reg_256_319_9_11                                                            |    <0.001 |
|               RAM_ARR_reg_320_383_0_2                                                             |    <0.001 |
|               RAM_ARR_reg_320_383_12_14                                                           |    <0.001 |
|               RAM_ARR_reg_320_383_15_17                                                           |    <0.001 |
|               RAM_ARR_reg_320_383_18_20                                                           |    <0.001 |
|               RAM_ARR_reg_320_383_21_23                                                           |    <0.001 |
|               RAM_ARR_reg_320_383_24_26                                                           |    <0.001 |
|               RAM_ARR_reg_320_383_27_29                                                           |    <0.001 |
|               RAM_ARR_reg_320_383_30_30                                                           |    <0.001 |
|               RAM_ARR_reg_320_383_31_31                                                           |    <0.001 |
|               RAM_ARR_reg_320_383_3_5                                                             |    <0.001 |
|               RAM_ARR_reg_320_383_6_8                                                             |    <0.001 |
|               RAM_ARR_reg_320_383_9_11                                                            |    <0.001 |
|               RAM_ARR_reg_384_447_0_2                                                             |    <0.001 |
|               RAM_ARR_reg_384_447_12_14                                                           |    <0.001 |
|               RAM_ARR_reg_384_447_15_17                                                           |    <0.001 |
|               RAM_ARR_reg_384_447_18_20                                                           |    <0.001 |
|               RAM_ARR_reg_384_447_21_23                                                           |    <0.001 |
|               RAM_ARR_reg_384_447_24_26                                                           |    <0.001 |
|               RAM_ARR_reg_384_447_27_29                                                           |    <0.001 |
|               RAM_ARR_reg_384_447_30_30                                                           |    <0.001 |
|               RAM_ARR_reg_384_447_31_31                                                           |    <0.001 |
|               RAM_ARR_reg_384_447_3_5                                                             |    <0.001 |
|               RAM_ARR_reg_384_447_6_8                                                             |    <0.001 |
|               RAM_ARR_reg_384_447_9_11                                                            |    <0.001 |
|               RAM_ARR_reg_448_511_0_2                                                             |    <0.001 |
|               RAM_ARR_reg_448_511_12_14                                                           |    <0.001 |
|               RAM_ARR_reg_448_511_15_17                                                           |    <0.001 |
|               RAM_ARR_reg_448_511_18_20                                                           |    <0.001 |
|               RAM_ARR_reg_448_511_21_23                                                           |    <0.001 |
|               RAM_ARR_reg_448_511_24_26                                                           |    <0.001 |
|               RAM_ARR_reg_448_511_27_29                                                           |    <0.001 |
|               RAM_ARR_reg_448_511_30_30                                                           |    <0.001 |
|               RAM_ARR_reg_448_511_31_31                                                           |    <0.001 |
|               RAM_ARR_reg_448_511_3_5                                                             |    <0.001 |
|               RAM_ARR_reg_448_511_6_8                                                             |    <0.001 |
|               RAM_ARR_reg_448_511_9_11                                                            |    <0.001 |
|               RAM_ARR_reg_64_127_0_2                                                              |    <0.001 |
|               RAM_ARR_reg_64_127_12_14                                                            |    <0.001 |
|               RAM_ARR_reg_64_127_15_17                                                            |    <0.001 |
|               RAM_ARR_reg_64_127_18_20                                                            |    <0.001 |
|               RAM_ARR_reg_64_127_21_23                                                            |    <0.001 |
|               RAM_ARR_reg_64_127_24_26                                                            |    <0.001 |
|               RAM_ARR_reg_64_127_27_29                                                            |    <0.001 |
|               RAM_ARR_reg_64_127_30_30                                                            |    <0.001 |
|               RAM_ARR_reg_64_127_31_31                                                            |    <0.001 |
|               RAM_ARR_reg_64_127_3_5                                                              |    <0.001 |
|               RAM_ARR_reg_64_127_6_8                                                              |    <0.001 |
|               RAM_ARR_reg_64_127_9_11                                                             |    <0.001 |
|             read_channel                                                                          |    <0.001 |
|             read_command_fifo                                                                     |    <0.001 |
|               RAM_ARR_reg_0_7_0_5                                                                 |    <0.001 |
|               RAM_ARR_reg_0_7_12_17                                                               |    <0.001 |
|               RAM_ARR_reg_0_7_18_23                                                               |    <0.001 |
|               RAM_ARR_reg_0_7_24_29                                                               |    <0.001 |
|               RAM_ARR_reg_0_7_30_35                                                               |    <0.001 |
|               RAM_ARR_reg_0_7_36_41                                                               |    <0.001 |
|               RAM_ARR_reg_0_7_42_45                                                               |    <0.001 |
|               RAM_ARR_reg_0_7_6_11                                                                |    <0.001 |
|             write_channel                                                                         |    <0.001 |
|             write_command_fifo                                                                    |    <0.001 |
|               RAM_ARR_reg_0_7_0_5                                                                 |    <0.001 |
|               RAM_ARR_reg_0_7_12_17                                                               |    <0.001 |
|               RAM_ARR_reg_0_7_18_23                                                               |    <0.001 |
|               RAM_ARR_reg_0_7_24_29                                                               |    <0.001 |
|               RAM_ARR_reg_0_7_30_35                                                               |    <0.001 |
|               RAM_ARR_reg_0_7_36_41                                                               |    <0.001 |
|               RAM_ARR_reg_0_7_42_47                                                               |    <0.001 |
|               RAM_ARR_reg_0_7_48_53                                                               |    <0.001 |
|               RAM_ARR_reg_0_7_54_59                                                               |    <0.001 |
|               RAM_ARR_reg_0_7_60_65                                                               |    <0.001 |
|               RAM_ARR_reg_0_7_66_71                                                               |    <0.001 |
|               RAM_ARR_reg_0_7_6_11                                                                |    <0.001 |
|               RAM_ARR_reg_0_7_72_77                                                               |    <0.001 |
|               RAM_ARR_reg_0_7_78_80                                                               |    <0.001 |
|           fu_add                                                                                  |    <0.001 |
|             fu_arch                                                                               |    <0.001 |
|           fu_add_mul_sub                                                                          |     0.003 |
|             fu_arch                                                                               |     0.003 |
|           fu_dmem_LSU                                                                             |     0.007 |
|           fu_fma_act_generated                                                                    |     0.005 |
|           fu_vops_generated                                                                       |     0.002 |
|           ic                                                                                      |     0.012 |
|             ALU_i1                                                                                |    <0.001 |
|             ALU_i2                                                                                |    <0.001 |
|             B1_bus_mux_inst                                                                       |     0.001 |
|             B2_bus_mux_inst                                                                       |     0.001 |
|             B3_bus_mux_inst                                                                       |     0.001 |
|             B5_bus_mux_inst                                                                       |    <0.001 |
|             FMA_i1                                                                                |    <0.001 |
|             LSU1_i1                                                                               |     0.005 |
|             LSU1_i2                                                                               |    <0.001 |
|             RF32A_i1                                                                              |    <0.001 |
|             RF32B_i1                                                                              |    <0.001 |
|             add_i1                                                                                |    <0.001 |
|             add_mul_sub_i1                                                                        |    <0.001 |
|             vB1024B_bus_mux_inst                                                                  |     0.000 |
|             vB1024c_bus_mux_inst                                                                  |     0.000 |
|             vOPS_i1                                                                               |    <0.001 |
|             vOPS_i2                                                                               |    <0.001 |
|             vRF1024_i1                                                                            |     0.000 |
|           inst_decoder                                                                            |     0.010 |
|           inst_fetch                                                                              |    <0.001 |
|           iu_IMM                                                                                  |    <0.001 |
|           rf_RF32A                                                                                |    <0.001 |
|           rf_RF32B                                                                                |    <0.001 |
|           rf_RF_BOOL                                                                              |    <0.001 |
|           rf_vRF1024                                                                              |     0.010 |
|         onchip_mem_INSTR                                                                          |     0.002 |
|         onchip_mem_data                                                                           |     0.006 |
|         tta_accel_0                                                                               |     0.011 |
|           dbg_gen[0].debugger_i                                                                   |     0.007 |
|             dbregbank_1                                                                           |     0.006 |
|               creg_tta_debug_bp0                                                                  |    <0.001 |
|               creg_tta_debug_bpn[1].debug_bpn_reg                                                 |    <0.001 |
|               creg_tta_debug_bpn[2].debug_bpn_reg                                                 |    <0.001 |
|               creg_tta_debug_cmd                                                                  |    <0.001 |
|               creg_tta_debug_ctrl                                                                 |    <0.001 |
|               creg_tta_pc_start                                                                   |    <0.001 |
|               sreg_tta_cyclecnt                                                                   |    <0.001 |
|               sreg_tta_cyclecnt_high                                                              |    <0.001 |
|               sreg_tta_lockcnt                                                                    |    <0.001 |
|               sreg_tta_lockcnt_high                                                               |    <0.001 |
|               sreg_tta_pc                                                                         |    <0.001 |
|               sreg_tta_status                                                                     |    <0.001 |
|             dbsm_1                                                                                |    <0.001 |
|           gen_dmem_expander.dmem_expander                                                         |    <0.001 |
|           imem_expander                                                                           |    <0.001 |
|           tta_axislave_1                                                                          |     0.004 |
+---------------------------------------------------------------------------------------------------+-----------+


